<?xml version="1.0" encoding="UTF-8"?>
<!-- Generated by org.testng.reporters.JUnitReportReporter -->
<testsuite hostname="user-PC" name="NewPractise.parametersTestNG" tests="1" failures="0" timestamp="24 Mar 2020 17:55:40 GMT" time="13.586" errors="0">
  <testcase name="yahooTest" time="13.586" classname="NewPractise.parametersTestNG"/>
</testsuite> <!-- NewPractise.parametersTestNG -->
