<?xml version="1.0" encoding="UTF-8"?>
<!-- Generated by org.testng.reporters.JUnitReportReporter -->
<testsuite hostname="user-PC" name="NewPractisejava.crossBrowserParallel" tests="3" failures="0" timestamp="3 Apr 2020 13:08:10 GMT" time="28.932" errors="0">
  <testcase name="testMethod" time="3.257" classname="NewPractisejava.crossBrowserParallel"/>
  <testcase name="testMethod" time="14.008" classname="NewPractisejava.crossBrowserParallel"/>
  <testcase name="testMethod" time="11.667" classname="NewPractisejava.crossBrowserParallel"/>
</testsuite> <!-- NewPractisejava.crossBrowserParallel -->
