<?xml version="1.0" encoding="UTF-8"?>
<!-- Generated by org.testng.reporters.JUnitReportReporter -->
<testsuite hostname="user-PC" name="NewPractise.extentReportsDemoFail" tests="1" failures="0" timestamp="4 Apr 2020 13:38:55 GMT" time="8.994" errors="0">
  <testcase name="verifyTestGoogle" time="8.994" classname="NewPractise.extentReportsDemoFail"/>
</testsuite> <!-- NewPractise.extentReportsDemoFail -->
