<?xml version="1.0" encoding="UTF-8"?>
<!-- Generated by org.testng.reporters.JUnitReportReporter -->
<testsuite hostname="user-PC" name="NewPractise.extentReportScreenshotCaptue" tests="1" failures="0" timestamp="3 Apr 2020 20:41:57 GMT" time="7.998" errors="0">
  <testcase name="testSample" time="7.998" classname="NewPractise.extentReportScreenshotCaptue"/>
</testsuite> <!-- NewPractise.extentReportScreenshotCaptue -->
