<?xml version="1.0" encoding="UTF-8"?>
<!-- Generated by org.testng.reporters.JUnitReportReporter -->
<testsuite hostname="user-PC" name="com.tasks.AssertionsScripts4" tests="1" failures="0" timestamp="2 Apr 2018 16:57:35 GMT" time="8.871" errors="0">
  <testcase name="TC03" time="8.871" classname="com.tasks.AssertionsScripts4"/>
</testsuite> <!-- com.tasks.AssertionsScripts4 -->
