<?xml version="1.0" encoding="UTF-8"?>
<!-- Generated by org.testng.reporters.JUnitReportReporter -->
<testsuite hostname="user-PC" name="NewPractise.testngSample" tests="2" failures="0" timestamp="2 Apr 2020 11:53:49 GMT" time="0.007" errors="0">
  <testcase name="testmethod2" time="0.002" classname="NewPractise.testngSample"/>
  <testcase name="testMethod" time="0.005" classname="NewPractise.testngSample"/>
</testsuite> <!-- NewPractise.testngSample -->
