<?xml version="1.0" encoding="UTF-8"?>
<!-- Generated by org.testng.reporters.JUnitReportReporter -->
<testsuite hostname="user-PC" name="com.failedtestcases.Testcase1" tests="1" failures="0" timestamp="12 Apr 2018 16:33:53 GMT" time="0.001" errors="0">
  <testcase name="testFB" time="0.001" classname="com.failedtestcases.Testcase1"/>
</testsuite> <!-- com.failedtestcases.Testcase1 -->
