<?xml version="1.0" encoding="UTF-8"?>
<!-- Generated by org.testng.reporters.JUnitReportReporter -->
<testsuite hostname="user-PC" name="com.tasks.Screenshots" tests="1" failures="0" timestamp="6 Apr 2018 18:12:39 GMT" time="9.892" errors="0">
  <testcase name="screenShotEx" time="9.892" classname="com.tasks.Screenshots"/>
</testsuite> <!-- com.tasks.Screenshots -->
