<?xml version="1.0" encoding="UTF-8"?>
<!-- Generated by org.testng.reporters.JUnitReportReporter -->
<testsuite hostname="user-PC" name="com.failedtestcases.Testcase3" tests="1" failures="0" timestamp="12 Apr 2018 16:32:29 GMT" time="0.013" errors="0">
  <testcase name="testHRM" time="0.013" classname="com.failedtestcases.Testcase3"/>
</testsuite> <!-- com.failedtestcases.Testcase3 -->
