<?xml version="1.0" encoding="UTF-8"?>
<!-- Generated by org.testng.reporters.JUnitReportReporter -->
<testsuite hostname="user-PC" name="NewPractise.extentReportsDemo" tests="1" failures="0" timestamp="3 Apr 2020 17:33:33 GMT" time="0.479" errors="0">
  <testcase name="testSample" time="0.479" classname="NewPractise.extentReportsDemo"/>
</testsuite> <!-- NewPractise.extentReportsDemo -->
