<?xml version="1.0" encoding="UTF-8"?>
<!-- Generated by org.testng.reporters.JUnitReportReporter -->
<testsuite hostname="user-PC" name="com.failedtestcases.Testcase2" tests="1" failures="0" timestamp="12 Apr 2018 16:33:53 GMT" time="0.007" errors="0">
  <testcase name="testTwitter" time="0.007" classname="com.failedtestcases.Testcase2"/>
</testsuite> <!-- com.failedtestcases.Testcase2 -->
