<?xml version="1.0" encoding="UTF-8"?>
<!-- Generated by org.testng.reporters.JUnitReportReporter -->
<testsuite hostname="user-PC" name="NewPractisejava.Junk" tests="3" failures="0" timestamp="3 Apr 2020 12:13:00 GMT" time="25.861" errors="0">
  <testcase name="test1" time="8.064" classname="NewPractisejava.Junk"/>
  <testcase name="test1" time="3.259" classname="NewPractisejava.Junk"/>
  <testcase name="test1" time="14.538" classname="NewPractisejava.Junk"/>
</testsuite> <!-- NewPractisejava.Junk -->
